[debug] [2020-06-10T03:53:32.032Z] ----------------------------------------------------------------------
[debug] [2020-06-10T03:53:32.034Z] Command:       C:\Program Files\nodejs\node.exe C:\Users\enyea\AppData\Roaming\npm\node_modules\firebase-tools\lib\bin\firebase.js serve
[debug] [2020-06-10T03:53:32.034Z] CLI Version:   8.2.0
[debug] [2020-06-10T03:53:32.035Z] Platform:      win32
[debug] [2020-06-10T03:53:32.035Z] Node Version:  v12.16.3
[debug] [2020-06-10T03:53:32.036Z] Time:          Wed Jun 10 2020 11:53:32 GMT+0800 (Taipei Standard Time)
[debug] [2020-06-10T03:53:32.036Z] ----------------------------------------------------------------------
[debug] [2020-06-10T03:53:32.036Z] 
[debug] [2020-06-10T03:53:32.045Z] > command requires scopes: ["email","openid","https://www.googleapis.com/auth/cloudplatformprojects.readonly","https://www.googleapis.com/auth/firebase","https://www.googleapis.com/auth/cloud-platform"]
[debug] [2020-06-10T03:53:32.046Z] > authorizing via signed-in user
[debug] [2020-06-10T03:53:32.046Z] [iam] checking project vimophy for permissions ["firebase.projects.get"]
[debug] [2020-06-10T03:53:32.049Z] >>> HTTP REQUEST POST https://cloudresourcemanager.googleapis.com/v1/projects/vimophy:testIamPermissions  
 {"permissions":["firebase.projects.get"]}
[debug] [2020-06-10T03:53:33.254Z] <<< HTTP RESPONSE 200 {"content-type":"application/json; charset=UTF-8","vary":"X-Origin, Referer, Origin,Accept-Encoding","date":"Wed, 10 Jun 2020 03:53:34 GMT","server":"ESF","cache-control":"private","x-xss-protection":"0","x-frame-options":"SAMEORIGIN","x-content-type-options":"nosniff","server-timing":"gfet4t7; dur=823","alt-svc":"h3-27=\":443\"; ma=2592000,h3-25=\":443\"; ma=2592000,h3-T050=\":443\"; ma=2592000,h3-Q050=\":443\"; ma=2592000,h3-Q049=\":443\"; ma=2592000,h3-Q048=\":443\"; ma=2592000,h3-Q046=\":443\"; ma=2592000,h3-Q043=\":443\"; ma=2592000,quic=\":443\"; ma=2592000; v=\"46,43\"","accept-ranges":"none","transfer-encoding":"chunked"}
[debug] [2020-06-10T03:53:33.258Z] >>> HTTP REQUEST GET https://firebase.googleapis.com/v1beta1/projects/vimophy  
 
[debug] [2020-06-10T03:53:34.011Z] <<< HTTP RESPONSE 200 {"content-type":"application/json; charset=UTF-8","vary":"X-Origin, Referer, Origin,Accept-Encoding","date":"Wed, 10 Jun 2020 03:53:34 GMT","server":"ESF","cache-control":"private","x-xss-protection":"0","x-frame-options":"SAMEORIGIN","x-content-type-options":"nosniff","alt-svc":"h3-27=\":443\"; ma=2592000,h3-25=\":443\"; ma=2592000,h3-T050=\":443\"; ma=2592000,h3-Q050=\":443\"; ma=2592000,h3-Q049=\":443\"; ma=2592000,h3-Q048=\":443\"; ma=2592000,h3-Q046=\":443\"; ma=2592000,h3-Q043=\":443\"; ma=2592000,quic=\":443\"; ma=2592000; v=\"46,43\"","accept-ranges":"none","transfer-encoding":"chunked"}
[info] 
[info] === Serving from 'C:\Users\enyea\vimophy'...
[info] 
[debug] [2020-06-10T03:53:34.028Z] >>> HTTP REQUEST GET https://firebase.googleapis.com/v1beta1/projects/vimophy/webApps/-/config  
 
[debug] [2020-06-10T03:53:35.317Z] <<< HTTP RESPONSE 200 {"content-type":"application/json; charset=UTF-8","vary":"X-Origin, Referer, Origin,Accept-Encoding","date":"Wed, 10 Jun 2020 03:53:36 GMT","server":"ESF","cache-control":"private","x-xss-protection":"0","x-frame-options":"SAMEORIGIN","x-content-type-options":"nosniff","alt-svc":"h3-27=\":443\"; ma=2592000,h3-25=\":443\"; ma=2592000,h3-T050=\":443\"; ma=2592000,h3-Q050=\":443\"; ma=2592000,h3-Q049=\":443\"; ma=2592000,h3-Q048=\":443\"; ma=2592000,h3-Q046=\":443\"; ma=2592000,h3-Q043=\":443\"; ma=2592000,quic=\":443\"; ma=2592000; v=\"46,43\"","accept-ranges":"none","transfer-encoding":"chunked"}
[info] i  hosting: Serving hosting files from: public
[info] +  hosting: Local server: http://localhost:5000
[warn] !  Your requested "node" version "8" doesn't match your global version "12"
[info] +  functions: functions emulator started at http://localhost:5001
[info] i  functions: Watching "C:\Users\enyea\vimophy\functions" for Cloud Functions...
[debug] [2020-06-10T03:53:36.131Z] [worker-pool] addWorker(~diagnostic~) 
[debug] [2020-06-10T03:53:36.131Z] [worker-pool] Adding worker with key ~diagnostic~, total=1 
[debug] [2020-06-10T03:53:36.131Z] [worker-pool] submitWork(triggerId=) 
[debug] [2020-06-10T03:53:36.132Z] [worker-~diagnostic~-f1483d73-77fe-4c2f-bd49-a126fd9da218]: Assigning socketPath: \\?\pipe\C:\Users\enyea\vimophy\functions\12824 
[debug] [2020-06-10T03:53:36.133Z] [worker-~diagnostic~-f1483d73-77fe-4c2f-bd49-a126fd9da218]: BUSY 
[debug] [2020-06-10T03:53:36.780Z] [runtime-status] [12824] Functions runtime initialized. {"cwd":"C:\\Users\\enyea\\vimophy\\functions","node_version":"12.16.3"} 
[debug] [2020-06-10T03:53:36.790Z] [runtime-status] [12824] Disabled runtime features: undefined 
[debug] [2020-06-10T03:53:36.799Z] [runtime-status] [12824] Resolved module firebase-admin {"declared":true,"installed":true,"version":"8.12.1","resolution":"C:\\Users\\enyea\\vimophy\\functions\\node_modules\\firebase-admin\\lib\\index.js"} 
[debug] [2020-06-10T03:53:36.801Z] [runtime-status] [12824] Resolved module firebase-functions {"declared":true,"installed":true,"version":"3.6.2","resolution":"C:\\Users\\enyea\\vimophy\\functions\\node_modules\\firebase-functions\\lib\\index.js"} 
[debug] [2020-06-10T03:53:36.805Z] [runtime-status] [12824] Outgoing network have been stubbed. [{"name":"http","status":"mocked"},{"name":"http","status":"mocked"},{"name":"https","status":"mocked"},{"name":"https","status":"mocked"},{"name":"net","status":"mocked"}] 
[debug] [2020-06-10T03:53:36.860Z] [runtime-status] [12824] Checked functions.config() {"config":{}} 
[debug] [2020-06-10T03:53:36.861Z] [runtime-status] [12824] Error in handleMessage: {"frb":{"cwd":"C:\\Users\\enyea\\vimophy\\functions","projectId":"vimophy","triggerId":"","emulators":{},"socketPath":"\\\\?\\pipe\\C:\\Users\\enyea\\vimophy\\functions\\12824"},"opts":{"nodeBinary":"C:\\Program Files\\nodejs\\node.exe"}} => TypeError: Cannot set property config of #<Object> which has only a getter: TypeError: Cannot set property config of #<Object> which has only a getter
    at C:\Users\enyea\AppData\Roaming\npm\node_modules\firebase-tools\lib\emulator\functionsEmulatorRuntime.js:455:19
    at Generator.next (<anonymous>)
    at fulfilled (C:\Users\enyea\AppData\Roaming\npm\node_modules\firebase-tools\lib\emulator\functionsEmulatorRuntime.js:5:58)
    at processTicksAndRejections (internal/process/task_queues.js:97:5) 
[warn] !  functions: Cannot set property config of #<Object> which has only a getter
[warn] !  Your function was killed because it raised an unhandled error.
[debug] [2020-06-10T03:53:36.878Z] [worker-~diagnostic~-f1483d73-77fe-4c2f-bd49-a126fd9da218]: exited 
[debug] [2020-06-10T03:53:36.878Z] [worker-~diagnostic~-f1483d73-77fe-4c2f-bd49-a126fd9da218]: FINISHED 
[info] [hosting] Rewriting / to http://localhost:5001/vimophy/us-central1/app for local Function app
[debug] [2020-06-10T03:53:38.208Z] [work-queue] {"queueLength":1,"workRunningCount":0}
[debug] [2020-06-10T03:53:38.208Z] [work-queue] {"queueLength":0,"workRunningCount":1}
[debug] [2020-06-10T03:53:38.210Z] FirebaseError: No trigger with name app 
[debug] [2020-06-10T03:53:38.211Z] [work-queue] {"queueLength":0,"workRunningCount":0}
[info] [hosting] Rewriting /uploadphoto to http://localhost:5001/vimophy/us-central1/app for local Function app
[debug] [2020-06-10T03:53:41.005Z] [work-queue] {"queueLength":1,"workRunningCount":0}
[debug] [2020-06-10T03:53:41.005Z] [work-queue] {"queueLength":0,"workRunningCount":1}
[debug] [2020-06-10T03:53:41.006Z] FirebaseError: No trigger with name app 
[debug] [2020-06-10T03:53:41.006Z] [work-queue] {"queueLength":0,"workRunningCount":0}
[info] [hosting] Rewriting /upload to http://localhost:5001/vimophy/us-central1/app for local Function app
[debug] [2020-06-10T03:53:41.780Z] [work-queue] {"queueLength":1,"workRunningCount":0}
[debug] [2020-06-10T03:53:41.781Z] [work-queue] {"queueLength":0,"workRunningCount":1}
[debug] [2020-06-10T03:53:41.781Z] FirebaseError: No trigger with name app 
[debug] [2020-06-10T03:53:41.781Z] [work-queue] {"queueLength":0,"workRunningCount":0}
[info] [hosting] Rewriting /upload to http://localhost:5001/vimophy/us-central1/app for local Function app
[debug] [2020-06-10T03:53:46.898Z] [work-queue] {"queueLength":1,"workRunningCount":0}
[debug] [2020-06-10T03:53:46.898Z] [work-queue] {"queueLength":0,"workRunningCount":1}
[debug] [2020-06-10T03:53:46.898Z] FirebaseError: No trigger with name app 
[debug] [2020-06-10T03:53:46.899Z] [work-queue] {"queueLength":0,"workRunningCount":0}
[info] [hosting] Rewriting /upload to http://localhost:5001/vimophy/us-central1/app for local Function app
[debug] [2020-06-10T03:55:28.402Z] [work-queue] {"queueLength":1,"workRunningCount":0}
[debug] [2020-06-10T03:55:28.402Z] [work-queue] {"queueLength":0,"workRunningCount":1}
[debug] [2020-06-10T03:55:28.403Z] FirebaseError: No trigger with name app 
[debug] [2020-06-10T03:55:28.403Z] [work-queue] {"queueLength":0,"workRunningCount":0}
